Copyright 1986-2017 Xilinx, Inc. All Rights Reserved.
------------------------------------------------------------------------------------
| Tool Version : Vivado v.2017.4 (win64) Build 2086221 Fri Dec 15 20:55:39 MST 2017
| Date         : Thu Nov 28 09:07:18 2019
| Host         : klose running 64-bit major release  (build 9200)
| Command      : upgrade_ip
| Device       : xc7z020clg400-2
------------------------------------------------------------------------------------

Upgrade Log for IP 'demosaic_getG_RB_top_0_0'

1. Summary
----------

SUCCESS in the conversion of demosaic_getG_RB_top_0_0 (xilinx.com:user:getG_RB_top:1.0 (Rev. 2)) to Vivado generation flows.






Copyright 1986-2017 Xilinx, Inc. All Rights Reserved.
------------------------------------------------------------------------------------
| Tool Version : Vivado v.2017.4 (win64) Build 2086221 Fri Dec 15 20:55:39 MST 2017
| Date         : Wed Nov 27 18:03:59 2019
| Host         : klose running 64-bit major release  (build 9200)
| Command      : upgrade_ip
| Device       : xc7z020clg400-2
------------------------------------------------------------------------------------

Upgrade Log for IP 'demosaic_getG_RB_top_0_0'

1. Summary
----------

SUCCESS in the conversion of demosaic_getG_RB_top_0_0 (xilinx.com:user:getG_RB_top:1.0 (Rev. 2)) to Vivado generation flows.






Copyright 1986-2017 Xilinx, Inc. All Rights Reserved.
------------------------------------------------------------------------------------
| Tool Version : Vivado v.2017.4 (win64) Build 2086221 Fri Dec 15 20:55:39 MST 2017
| Date         : Wed Nov 27 17:44:00 2019
| Host         : klose running 64-bit major release  (build 9200)
| Command      : upgrade_ip
| Device       : xc7z020clg400-2
------------------------------------------------------------------------------------

Upgrade Log for IP 'demosaic_getG_RB_top_0_0'

1. Summary
----------

SUCCESS in the conversion of demosaic_getG_RB_top_0_0 (xilinx.com:user:getG_RB_top:1.0 (Rev. 2)) to Vivado generation flows.

