Vivado Simulator 2017.4
Copyright 1986-1999, 2001-2016 Xilinx, Inc. All Rights Reserved.
Running: C:/Xilinx/Vivado/2017.4/bin/unwrapped/win64.o/xelab.exe -wto e1157ae8547f47c8bfcf1189781d8b52 --incr --debug typical --relax --mt 2 -L xil_defaultlib -L unisims_ver -L unimacro_ver -L secureip -L xpm --snapshot getG_RB_top2_behav xil_defaultlib.getG_RB_top2 xil_defaultlib.glbl -log elaborate.log 
Using 2 slave threads.
Starting static elaboration
WARNING: [VRFC 10-278] actual bit length 1 differs from formal bit length 8 for port DATA1 [C:/Users/Administrator/Desktop/wjg/demosaic/getG_RB_top_2.v:34]
WARNING: [VRFC 10-278] actual bit length 1 differs from formal bit length 8 for port DATA2 [C:/Users/Administrator/Desktop/wjg/demosaic/getG_RB_top_2.v:35]
WARNING: [VRFC 10-278] actual bit length 1 differs from formal bit length 8 for port DATA3 [C:/Users/Administrator/Desktop/wjg/demosaic/getG_RB_top_2.v:36]
WARNING: [VRFC 10-278] actual bit length 1 differs from formal bit length 8 for port DATA4 [C:/Users/Administrator/Desktop/wjg/demosaic/getG_RB_top_2.v:37]
WARNING: [VRFC 10-278] actual bit length 1 differs from formal bit length 8 for port DATA5 [C:/Users/Administrator/Desktop/wjg/demosaic/getG_RB_top_2.v:38]
WARNING: [VRFC 10-278] actual bit length 1 differs from formal bit length 8 for port UU [C:/Users/Administrator/Desktop/wjg/demosaic/getG_RB_top_2.v:39]
WARNING: [VRFC 10-278] actual bit length 1 differs from formal bit length 8 for port UPDATA [C:/Users/Administrator/Desktop/wjg/demosaic/getG_RB_top_2.v:40]
WARNING: [VRFC 10-278] actual bit length 1 differs from formal bit length 8 for port MID [C:/Users/Administrator/Desktop/wjg/demosaic/getG_RB_top_2.v:41]
WARNING: [VRFC 10-278] actual bit length 1 differs from formal bit length 8 for port DOWNDATA [C:/Users/Administrator/Desktop/wjg/demosaic/getG_RB_top_2.v:42]
WARNING: [VRFC 10-278] actual bit length 1 differs from formal bit length 8 for port DD [C:/Users/Administrator/Desktop/wjg/demosaic/getG_RB_top_2.v:43]
WARNING: [VRFC 10-278] actual bit length 1 differs from formal bit length 8 for port LEFTDATA [C:/Users/Administrator/Desktop/wjg/demosaic/getG_RB_top_2.v:44]
WARNING: [VRFC 10-278] actual bit length 1 differs from formal bit length 8 for port LL [C:/Users/Administrator/Desktop/wjg/demosaic/getG_RB_top_2.v:45]
WARNING: [VRFC 10-278] actual bit length 1 differs from formal bit length 8 for port RR [C:/Users/Administrator/Desktop/wjg/demosaic/getG_RB_top_2.v:46]
WARNING: [VRFC 10-278] actual bit length 1 differs from formal bit length 8 for port RIGHTDATA [C:/Users/Administrator/Desktop/wjg/demosaic/getG_RB_top_2.v:47]
WARNING: [VRFC 10-278] actual bit length 1 differs from formal bit length 8 for port UU [C:/Users/Administrator/Desktop/wjg/demosaic/getG_RB_top_2.v:55]
WARNING: [VRFC 10-278] actual bit length 1 differs from formal bit length 8 for port UPDATA [C:/Users/Administrator/Desktop/wjg/demosaic/getG_RB_top_2.v:56]
WARNING: [VRFC 10-278] actual bit length 1 differs from formal bit length 8 for port MID [C:/Users/Administrator/Desktop/wjg/demosaic/getG_RB_top_2.v:57]
WARNING: [VRFC 10-278] actual bit length 1 differs from formal bit length 8 for port DOWNDATA [C:/Users/Administrator/Desktop/wjg/demosaic/getG_RB_top_2.v:58]
WARNING: [VRFC 10-278] actual bit length 1 differs from formal bit length 8 for port DD [C:/Users/Administrator/Desktop/wjg/demosaic/getG_RB_top_2.v:59]
WARNING: [VRFC 10-278] actual bit length 1 differs from formal bit length 8 for port LEFTDATA [C:/Users/Administrator/Desktop/wjg/demosaic/getG_RB_top_2.v:60]
WARNING: [VRFC 10-278] actual bit length 1 differs from formal bit length 8 for port LL [C:/Users/Administrator/Desktop/wjg/demosaic/getG_RB_top_2.v:61]
WARNING: [VRFC 10-278] actual bit length 1 differs from formal bit length 8 for port RR [C:/Users/Administrator/Desktop/wjg/demosaic/getG_RB_top_2.v:62]
WARNING: [VRFC 10-278] actual bit length 1 differs from formal bit length 8 for port RIGHTDATA [C:/Users/Administrator/Desktop/wjg/demosaic/getG_RB_top_2.v:63]
WARNING: [VRFC 10-278] actual bit length 1 differs from formal bit length 24 for port O_DATA [C:/Users/Administrator/Desktop/wjg/demosaic/getG_RB_top_2.v:65]
WARNING: [VRFC 10-278] actual bit length 1 differs from formal bit length 24 for port DATA [C:/Users/Administrator/Desktop/wjg/demosaic/getG_RB_top_2.v:69]
Completed static elaboration
INFO: [XSIM 43-4323] No Change in HDL. Linking previously generated obj files to create kernel
